<?xml version="1.0" encoding="utf-8"?><testsuites name="pytest tests"><testsuite name="pytest" errors="0" failures="1" skipped="0" tests="32" time="10.681" timestamp="2026-07-16T07:41:10.192850+00:00" hostname="agent-env-77e34a2b-7320-49ba-b5ae-682694061852"><testcase classname="tests.backend_test.TestAuth" name="test_login_admin" time="0.626" /><testcase classname="tests.backend_test.TestAdmin" name="test_stats" time="0.628" /><testcase classname="tests.backend_test.TestAuth" name="test_login_seller" time="0.313" /><testcase classname="tests.backend_test.TestAdmin" name="test_users_list" time="0.315" /><testcase classname="tests.backend_test.TestAuth" name="test_login_buyer" time="0.340" /><testcase classname="tests.backend_test.TestAdmin" name="test_books_list" time="0.089" /><testcase classname="tests.backend_test.TestAdmin" name="test_orders_list" time="0.250" /><testcase classname="tests.backend_test.TestAuth" name="test_login_wrong_password" time="0.314" /><testcase classname="tests.backend_test.TestAdmin" name="test_coupons_crud" time="0.657" /><testcase classname="tests.backend_test.TestAuth" name="test_me_returns_current_user" time="0.487" /><testcase classname="tests.backend_test.TestAdmin" name="test_announcements_crud" time="0.463" /><testcase classname="tests.backend_test.TestAuth" name="test_register_buyer_and_seller" time="0.634" /><testcase classname="tests.backend_test.TestAdmin" name="test_complaints_from_contact" time="0.405" /><testcase classname="tests.backend_test.TestHealth" name="test_root" time="0.244"><failure message="assert 404 == 200&#10; +  where 404 = &lt;Response [404]&gt;.status_code">backend/tests/backend_test.py:61: in test_root
    assert r.status_code == 200
E   assert 404 == 200
E    +  where 404 = &lt;Response [404]&gt;.status_code</failure></testcase><testcase classname="tests.backend_test.TestBooksCRUD" name="test_seller_create_book" time="0.436" /><testcase classname="tests.backend_test.TestHealth" name="test_books_list" time="0.092" /><testcase classname="tests.backend_test.TestBooksCRUD" name="test_seller_list_own_books" time="0.096" /><testcase classname="tests.backend_test.TestHealth" name="test_universities" time="0.137" /><testcase classname="tests.backend_test.TestBooksCRUD" name="test_public_list_contains_new_book" time="0.104" /><testcase classname="tests.backend_test.TestBooksCRUD" name="test_update_book" time="0.397" /><testcase classname="tests.backend_test.TestCheckout" name="test_checkout_razorpay" time="0.937" /><testcase classname="tests.backend_test.TestBooksCRUD" name="test_delete_book" time="0.495" /><testcase classname="tests.backend_test.TestCheckout" name="test_payments_verify_invalid_signature" time="0.092" /><testcase classname="tests.backend_test.TestCheckout" name="test_checkout_cod" time="0.331" /><testcase classname="tests.backend_test.TestCart" name="test_add_and_get_cart" time="0.393" /><testcase classname="tests.backend_test.TestCart" name="test_remove_cart" time="0.207" /><testcase classname="tests.backend_test.TestForgotReset" name="test_forgot_reset_cycle" time="1.663" /><testcase classname="tests.backend_test.TestOrders" name="test_list_orders" time="0.273" /><testcase classname="tests.backend_test.TestOrders" name="test_order_detail_and_cancel_and_invoice" time="2.126" /><testcase classname="tests.backend_test.TestAISuggest" name="test_ai_suggest_returns_valid_keys" time="3.576" /><testcase classname="tests.backend_test.TestCloudinary" name="test_sign" time="0.095" /><testcase classname="tests.backend_test.TestWishlist" name="test_toggle_and_list" time="0.285" /></testsuite></testsuites>